5/4/2023, 12:12:23 pm [::1] (POST) /webhook
5/4/2023, 12:12:25 pm [::1] (POST) /webhook
5/4/2023, 12:17:33 pm  (POST) /webhook
 └─{"content":"name"}
5/4/2023, 2:36:48 pm  (GET) /
5/4/2023, 2:36:54 pm  (GET) /one
5/4/2023, 2:37:09 pm  (GET) /one
5/4/2023, 2:39:51 pm  (GET) /one
5/4/2023, 3:01:49 pm  (GET) /one
5/4/2023, 3:13:16 pm  (GET) /one
5/4/2023, 3:13:20 pm  (GET) /
5/4/2023, 3:13:27 pm  (GET) /
5/4/2023, 3:14:53 pm  (GET) /
5/4/2023, 3:14:57 pm  (GET) /one
5/4/2023, 3:15:01 pm  (GET) /one
5/4/2023, 3:15:04 pm  (GET) /
5/4/2023, 3:15:09 pm  (GET) /one
5/4/2023, 3:15:13 pm  (GET) /
5/4/2023, 3:15:50 pm  (GET) /
5/4/2023, 3:15:55 pm  (GET) /one
